# JRE version: OpenJDK Runtime Environment Corretto-22.0.2.9.1 (22.0.2+9) (build 22.0.2+9-FR)
# Java VM: OpenJDK 64-Bit Server VM Corretto-22.0.2.9.1 (22.0.2+9-FR, mixed mode, sharing, tiered, compressed oops, compressed class ptrs, g1 gc, windows-amd64)
GC Precious Log:
 CardTable entry size: 512
 Card Set container configuration: InlinePtr #cards 5 size 8 Array Of Cards #cards 12 size 40 Howl #buckets 4 coarsen threshold 1843 Howl Bitmap #cards 512 size 80 coarsen threshold 460 Card regions per heap region 1 cards per card region 2048
 CPUs: 12 total, 12 available
 Memory: 7530M
 Large Page Support: Disabled
 NUMA Support: Disabled
 Compressed Oops: Enabled (32-bit)
 Heap Region Size: 1M
 Heap Min Capacity: 8M
 Heap Initial Capacity: 118M
 Heap Max Capacity: 1884M
 Pre-touch: Disabled
 Parallel Workers: 10
 Concurrent Workers: 3
 Concurrent Refinement Workers: 10
 Periodic GC: Disabled
Heap:
 garbage-first heap   total reserved 1929216K, committed 55296K, used 46220K [0x000000008a400000, 0x0000000100000000)
  region size 1024K, 15 young (15360K), 2 survivors (2048K)
 Metaspace       used 74076K, committed 74944K, reserved 1114112K
  class space    used 10012K, committed 10368K, reserved 1048576K
GC Heap History (20 events):
Event: 11.055 GC heap before
{Heap before GC invocations=7 (full 0):
 garbage-first heap   total reserved 1929216K, committed 55296K, used 30059K [0x000000008a400000, 0x0000000100000000)
  region size 1024K, 13 young (13312K), 3 survivors (3072K)
 Metaspace       used 35461K, committed 35968K, reserved 1114112K
  class space    used 4550K, committed 4800K, reserved 1048576K
}
Event: 11.058 GC heap after
{Heap after GC invocations=8 (full 0):
 garbage-first heap   total reserved 1929216K, committed 55296K, used 22625K [0x000000008a400000, 0x0000000100000000)
  region size 1024K, 1 young (1024K), 1 survivors (1024K)
 Metaspace       used 35461K, committed 35968K, reserved 1114112K
  class space    used 4550K, committed 4800K, reserved 1048576K
}
Event: 12.043 GC heap before
{Heap before GC invocations=9 (full 0):
 garbage-first heap   total reserved 1929216K, committed 55296K, used 45153K [0x000000008a400000, 0x0000000100000000)
  region size 1024K, 24 young (24576K), 1 survivors (1024K)
 Metaspace       used 41447K, committed 41984K, reserved 1114112K
  class space    used 5456K, committed 5696K, reserved 1048576K
}
Event: 12.046 GC heap after
{Heap after GC invocations=10 (full 0):
 garbage-first heap   total reserved 1929216K, committed 55296K, used 23920K [0x000000008a400000, 0x0000000100000000)
  region size 1024K, 3 young (3072K), 3 survivors (3072K)
 Metaspace       used 41447K, committed 41984K, reserved 1114112K
  class space    used 5456K, committed 5696K, reserved 1048576K
}
Event: 13.612 GC heap before
{Heap before GC invocations=10 (full 0):
 garbage-first heap   total reserved 1929216K, committed 55296K, used 46448K [0x000000008a400000, 0x0000000100000000)
  region size 1024K, 25 young (25600K), 3 survivors (3072K)
 Metaspace       used 50441K, committed 51008K, reserved 1114112K
  class space    used 6613K, committed 6848K, reserved 1048576K
}
Event: 13.617 GC heap after
{Heap after GC invocations=11 (full 0):
 garbage-first heap   total reserved 1929216K, committed 55296K, used 25688K [0x000000008a400000, 0x0000000100000000)
  region size 1024K, 4 young (4096K), 4 survivors (4096K)
 Metaspace       used 50441K, committed 51008K, reserved 1114112K
  class space    used 6613K, committed 6848K, reserved 1048576K
}
Event: 14.241 GC heap before
{Heap before GC invocations=11 (full 0):
 garbage-first heap   total reserved 1929216K, committed 55296K, used 45144K [0x000000008a400000, 0x0000000100000000)
  region size 1024K, 24 young (24576K), 4 survivors (4096K)
 Metaspace       used 56408K, committed 57024K, reserved 1114112K
  class space    used 7411K, committed 7680K, reserved 1048576K
}
Event: 14.245 GC heap after
{Heap after GC invocations=12 (full 0):
 garbage-first heap   total reserved 1929216K, committed 55296K, used 27195K [0x000000008a400000, 0x0000000100000000)
  region size 1024K, 2 young (2048K), 2 survivors (2048K)
 Metaspace       used 56408K, committed 57024K, reserved 1114112K
  class space    used 7411K, committed 7680K, reserved 1048576K
}
Event: 14.737 GC heap before
{Heap before GC invocations=12 (full 0):
 garbage-first heap   total reserved 1929216K, committed 55296K, used 47675K [0x000000008a400000, 0x0000000100000000)
  region size 1024K, 22 young (22528K), 2 survivors (2048K)
 Metaspace       used 59230K, committed 59840K, reserved 1114112K
  class space    used 7927K, committed 8192K, reserved 1048576K
}
Event: 14.740 GC heap after
{Heap after GC invocations=13 (full 0):
 garbage-first heap   total reserved 1929216K, committed 55296K, used 27744K [0x000000008a400000, 0x0000000100000000)
  region size 1024K, 2 young (2048K), 2 survivors (2048K)
 Metaspace       used 59230K, committed 59840K, reserved 1114112K
  class space    used 7927K, committed 8192K, reserved 1048576K
}
Event: 15.448 GC heap before
{Heap before GC invocations=14 (full 0):
 garbage-first heap   total reserved 1929216K, committed 55296K, used 47200K [0x000000008a400000, 0x0000000100000000)
  region size 1024K, 22 young (22528K), 2 survivors (2048K)
 Metaspace       used 62437K, committed 63104K, reserved 1114112K
  class space    used 8444K, committed 8704K, reserved 1048576K
}
Event: 15.451 GC heap after
{Heap after GC invocations=15 (full 0):
 garbage-first heap   total reserved 1929216K, committed 55296K, used 28777K [0x000000008a400000, 0x0000000100000000)
  region size 1024K, 2 young (2048K), 2 survivors (2048K)
 Metaspace       used 62437K, committed 63104K, reserved 1114112K
  class space    used 8444K, committed 8704K, reserved 1048576K
}
Event: 16.173 GC heap before
{Heap before GC invocations=15 (full 0):
 garbage-first heap   total reserved 1929216K, committed 55296K, used 48233K [0x000000008a400000, 0x0000000100000000)
  region size 1024K, 21 young (21504K), 2 survivors (2048K)
 Metaspace       used 65912K, committed 66624K, reserved 1114112K
  class space    used 8898K, committed 9216K, reserved 1048576K
}
Event: 16.177 GC heap after
{Heap after GC invocations=16 (full 0):
 garbage-first heap   total reserved 1929216K, committed 55296K, used 30358K [0x000000008a400000, 0x0000000100000000)
  region size 1024K, 3 young (3072K), 3 survivors (3072K)
 Metaspace       used 65912K, committed 66624K, reserved 1114112K
  class space    used 8898K, committed 9216K, reserved 1048576K
}
Event: 16.501 GC heap before
{Heap before GC invocations=16 (full 0):
 garbage-first heap   total reserved 1929216K, committed 55296K, used 47766K [0x000000008a400000, 0x0000000100000000)
  region size 1024K, 20 young (20480K), 3 survivors (3072K)
 Metaspace       used 67146K, committed 67840K, reserved 1114112K
  class space    used 9036K, committed 9344K, reserved 1048576K
}
Event: 16.505 GC heap after
{Heap after GC invocations=17 (full 0):
 garbage-first heap   total reserved 1929216K, committed 55296K, used 31779K [0x000000008a400000, 0x0000000100000000)
  region size 1024K, 2 young (2048K), 2 survivors (2048K)
 Metaspace       used 67146K, committed 67840K, reserved 1114112K
  class space    used 9036K, committed 9344K, reserved 1048576K
}
Event: 17.136 GC heap before
{Heap before GC invocations=18 (full 0):
 garbage-first heap   total reserved 1929216K, committed 55296K, used 48163K [0x000000008a400000, 0x0000000100000000)
  region size 1024K, 18 young (18432K), 2 survivors (2048K)
 Metaspace       used 69433K, committed 70208K, reserved 1114112K
  class space    used 9373K, committed 9728K, reserved 1048576K
}
Event: 17.139 GC heap after
{Heap after GC invocations=19 (full 0):
 garbage-first heap   total reserved 1929216K, committed 55296K, used 33564K [0x000000008a400000, 0x0000000100000000)
  region size 1024K, 3 young (3072K), 3 survivors (3072K)
 Metaspace       used 69433K, committed 70208K, reserved 1114112K
  class space    used 9373K, committed 9728K, reserved 1048576K
}
Event: 17.528 GC heap before
{Heap before GC invocations=19 (full 0):
 garbage-first heap   total reserved 1929216K, committed 55296K, used 47900K [0x000000008a400000, 0x0000000100000000)
  region size 1024K, 17 young (17408K), 3 survivors (3072K)
 Metaspace       used 70806K, committed 71616K, reserved 1114112K
  class space    used 9544K, committed 9920K, reserved 1048576K
}
Event: 17.532 GC heap after
{Heap after GC invocations=20 (full 0):
 garbage-first heap   total reserved 1929216K, committed 55296K, used 34956K [0x000000008a400000, 0x0000000100000000)
  region size 1024K, 2 young (2048K), 2 survivors (2048K)
 Metaspace       used 70806K, committed 71616K, reserved 1114112K
  class space    used 9544K, committed 9920K, reserved 1048576K
}

